..............................                                           [100%]
=============================== tests coverage ================================
_______________ coverage: platform win32, python 3.13.0-final-0 _______________

Name                            Stmts   Miss  Cover   Missing
-------------------------------------------------------------
src\nodes\code_analyst.py         101      3    97%   54, 58, 61
src\utils\python_execution.py      74     13    82%   42, 58-63, 67-68, 140-141, 147-148
src\utils\verdict.py               30      1    97%   68
-------------------------------------------------------------
TOTAL                             205     17    92%
30 passed in 7.82s
